# JRE version: OpenJDK Runtime Environment (8.0_292-b10) (build 1.8.0_292-b10)
# Java VM: OpenJDK 64-Bit Server VM (25.292-b10 mixed mode bsd-amd64 compressed oops)
Heap:
 PSYoungGen      total 128000K, used 90096K [0x00000007e5d80000, 0x00000007f0800000, 0x00000007f0800000)
  eden space 82432K, 100% used [0x00000007e5d80000,0x00000007eae00000,0x00000007eae00000)
  from space 45568K, 16% used [0x00000007edb80000,0x00000007ee2fc010,0x00000007f0800000)
  to   space 46080K, 7% used [0x00000007eae00000,0x00000007eb168360,0x00000007edb00000)
 ParOldGen       total 241664K, used 148338K [0x00000007d0800000, 0x00000007df400000, 0x00000007e5d80000)
  object space 241664K, 61% used [0x00000007d0800000,0x00000007d98dc8b8,0x00000007df400000)
 Metaspace       used 84854K, capacity 91474K, committed 91776K, reserved 1128448K
  class space    used 11505K, capacity 12844K, committed 12928K, reserved 1048576K
GC Heap History (10 events):
Event: 4162.027 GC heap after
Heap after GC invocations=21 (full 3):
 PSYoungGen      total 138240K, used 20537K [0x00000007e5d80000, 0x00000007f0800000, 0x00000007f0800000)
  eden space 100352K, 0% used [0x00000007e5d80000,0x00000007e5d80000,0x00000007ebf80000)
  from space 37888K, 54% used [0x00000007ee300000,0x00000007ef70e530,0x00000007f0800000)
  to   space 36352K, 0% used [0x00000007ebf80000,0x00000007ebf80000,0x00000007ee300000)
 ParOldGen       total 241664K, used 100784K [0x00000007d0800000, 0x00000007df400000, 0x00000007e5d80000)
  object space 241664K, 41% used [0x00000007d0800000,0x00000007d6a6c1f8,0x00000007df400000)
 Metaspace       used 83311K, capacity 89140K, committed 89472K, reserved 1126400K
  class space    used 11359K, capacity 12589K, committed 12672K, reserved 1048576K
}
Event: 4165.356 GC heap before
{Heap before GC invocations=22 (full 3):
 PSYoungGen      total 138240K, used 120889K [0x00000007e5d80000, 0x00000007f0800000, 0x00000007f0800000)
  eden space 100352K, 100% used [0x00000007e5d80000,0x00000007ebf80000,0x00000007ebf80000)
  from space 37888K, 54% used [0x00000007ee300000,0x00000007ef70e530,0x00000007f0800000)
  to   space 36352K, 0% used [0x00000007ebf80000,0x00000007ebf80000,0x00000007ee300000)
 ParOldGen       total 241664K, used 100784K [0x00000007d0800000, 0x00000007df400000, 0x00000007e5d80000)
  object space 241664K, 41% used [0x00000007d0800000,0x00000007d6a6c1f8,0x00000007df400000)
 Metaspace       used 84158K, capacity 90428K, committed 90624K, reserved 1126400K
  class space    used 11431K, capacity 12715K, committed 12800K, reserved 1048576K
Event: 4165.428 GC heap after
Heap after GC invocations=22 (full 3):
 PSYoungGen      total 136704K, used 36326K [0x00000007e5d80000, 0x00000007f0800000, 0x00000007f0800000)
  eden space 100352K, 0% used [0x00000007e5d80000,0x00000007e5d80000,0x00000007ebf80000)
  from space 36352K, 99% used [0x00000007ebf80000,0x00000007ee2f9898,0x00000007ee300000)
  to   space 37888K, 0% used [0x00000007ee300000,0x00000007ee300000,0x00000007f0800000)
 ParOldGen       total 241664K, used 103650K [0x00000007d0800000, 0x00000007df400000, 0x00000007e5d80000)
  object space 241664K, 42% used [0x00000007d0800000,0x00000007d6d389d8,0x00000007df400000)
 Metaspace       used 84158K, capacity 90428K, committed 90624K, reserved 1126400K
  class space    used 11431K, capacity 12715K, committed 12800K, reserved 1048576K
}
Event: 4166.297 GC heap before
{Heap before GC invocations=23 (full 3):
 PSYoungGen      total 136704K, used 136678K [0x00000007e5d80000, 0x00000007f0800000, 0x00000007f0800000)
  eden space 100352K, 100% used [0x00000007e5d80000,0x00000007ebf80000,0x00000007ebf80000)
  from space 36352K, 99% used [0x00000007ebf80000,0x00000007ee2f9898,0x00000007ee300000)
  to   space 37888K, 0% used [0x00000007ee300000,0x00000007ee300000,0x00000007f0800000)
 ParOldGen       total 241664K, used 103650K [0x00000007d0800000, 0x00000007df400000, 0x00000007e5d80000)
  object space 241664K, 42% used [0x00000007d0800000,0x00000007d6d389d8,0x00000007df400000)
 Metaspace       used 84369K, capacity 90636K, committed 90880K, reserved 1128448K
  class space    used 11438K, capacity 12727K, committed 12800K, reserved 1048576K
Event: 4166.359 GC heap after
Heap after GC invocations=23 (full 3):
 PSYoungGen      total 123392K, used 32984K [0x00000007e5d80000, 0x00000007f0800000, 0x00000007f0800000)
  eden space 85504K, 0% used [0x00000007e5d80000,0x00000007e5d80000,0x00000007eb100000)
  from space 37888K, 87% used [0x00000007ee300000,0x00000007f0336178,0x00000007f0800000)
  to   space 44544K, 0% used [0x00000007eb100000,0x00000007eb100000,0x00000007edc80000)
 ParOldGen       total 241664K, used 110750K [0x00000007d0800000, 0x00000007df400000, 0x00000007e5d80000)
  object space 241664K, 45% used [0x00000007d0800000,0x00000007d7427a98,0x00000007df400000)
 Metaspace       used 84369K, capacity 90636K, committed 90880K, reserved 1128448K
  class space    used 11438K, capacity 12727K, committed 12800K, reserved 1048576K
}
Event: 4166.900 GC heap before
{Heap before GC invocations=24 (full 3):
 PSYoungGen      total 123392K, used 118488K [0x00000007e5d80000, 0x00000007f0800000, 0x00000007f0800000)
  eden space 85504K, 100% used [0x00000007e5d80000,0x00000007eb100000,0x00000007eb100000)
  from space 37888K, 87% used [0x00000007ee300000,0x00000007f0336178,0x00000007f0800000)
  to   space 44544K, 0% used [0x00000007eb100000,0x00000007eb100000,0x00000007edc80000)
 ParOldGen       total 241664K, used 110750K [0x00000007d0800000, 0x00000007df400000, 0x00000007e5d80000)
  object space 241664K, 45% used [0x00000007d0800000,0x00000007d7427a98,0x00000007df400000)
 Metaspace       used 84551K, capacity 90840K, committed 91136K, reserved 1128448K
  class space    used 11450K, capacity 12749K, committed 12800K, reserved 1048576K
Event: 4166.953 GC heap after
Heap after GC invocations=24 (full 3):
 PSYoungGen      total 117248K, used 31309K [0x00000007e5d80000, 0x00000007f0800000, 0x00000007f0800000)
  eden space 85504K, 0% used [0x00000007e5d80000,0x00000007e5d80000,0x00000007eb100000)
  from space 31744K, 98% used [0x00000007eb100000,0x00000007ecf937e8,0x00000007ed000000)
  to   space 45568K, 0% used [0x00000007edb80000,0x00000007edb80000,0x00000007f0800000)
 ParOldGen       total 241664K, used 116833K [0x00000007d0800000, 0x00000007df400000, 0x00000007e5d80000)
  object space 241664K, 48% used [0x00000007d0800000,0x00000007d7a18478,0x00000007df400000)
 Metaspace       used 84551K, capacity 90840K, committed 91136K, reserved 1128448K
  class space    used 11450K, capacity 12749K, committed 12800K, reserved 1048576K
}
Event: 4167.483 GC heap before
{Heap before GC invocations=25 (full 3):
 PSYoungGen      total 117248K, used 116813K [0x00000007e5d80000, 0x00000007f0800000, 0x00000007f0800000)
  eden space 85504K, 100% used [0x00000007e5d80000,0x00000007eb100000,0x00000007eb100000)
  from space 31744K, 98% used [0x00000007eb100000,0x00000007ecf937e8,0x00000007ed000000)
  to   space 45568K, 0% used [0x00000007edb80000,0x00000007edb80000,0x00000007f0800000)
 ParOldGen       total 241664K, used 116833K [0x00000007d0800000, 0x00000007df400000, 0x00000007e5d80000)
  object space 241664K, 48% used [0x00000007d0800000,0x00000007d7a18478,0x00000007df400000)
 Metaspace       used 84580K, capacity 90858K, committed 91136K, reserved 1128448K
  class space    used 11452K, capacity 12752K, committed 12800K, reserved 1048576K
Event: 4167.520 GC heap after
Heap after GC invocations=25 (full 3):
 PSYoungGen      total 128000K, used 7664K [0x00000007e5d80000, 0x00000007f0800000, 0x00000007f0800000)
  eden space 82432K, 0% used [0x00000007e5d80000,0x00000007e5d80000,0x00000007eae00000)
  from space 45568K, 16% used [0x00000007edb80000,0x00000007ee2fc010,0x00000007f0800000)
  to   space 46080K, 0% used [0x00000007eae00000,0x00000007eae00000,0x00000007edb00000)
 ParOldGen       total 241664K, used 142094K [0x00000007d0800000, 0x00000007df400000, 0x00000007e5d80000)
  object space 241664K, 58% used [0x00000007d0800000,0x00000007d92c3898,0x00000007df400000)
 Metaspace       used 84580K, capacity 90858K, committed 91136K, reserved 1128448K
  class space    used 11452K, capacity 12752K, committed 12800K, reserved 1048576K
}
Event: 4687.849 GC heap before
{Heap before GC invocations=26 (full 3):
 PSYoungGen      total 128000K, used 90096K [0x00000007e5d80000, 0x00000007f0800000, 0x00000007f0800000)
  eden space 82432K, 100% used [0x00000007e5d80000,0x00000007eae00000,0x00000007eae00000)
  from space 45568K, 16% used [0x00000007edb80000,0x00000007ee2fc010,0x00000007f0800000)
  to   space 46080K, 0% used [0x00000007eae00000,0x00000007eae00000,0x00000007edb00000)
 ParOldGen       total 241664K, used 142094K [0x00000007d0800000, 0x00000007df400000, 0x00000007e5d80000)
  object space 241664K, 58% used [0x00000007d0800000,0x00000007d92c3898,0x00000007df400000)
 Metaspace       used 84854K, capacity 91474K, committed 91776K, reserved 1128448K
  class space    used 11505K, capacity 12844K, committed 12928K, reserved 1048576K

